#
# There is insufficient memory for the Java Runtime Environment to continue.
# Native memory allocation (malloc) failed to allocate 529744 bytes for Chunk::new
# Possible reasons:
#   The system is out of physical RAM or swap space
#   In 32 bit mode, the process size limit was hit
# Possible solutions:
#   Reduce memory load on the system
#   Increase physical memory or swap space
#   Check if swap backing store is full
#   Use 64 bit Java on a 64 bit OS
#   Decrease Java heap size (-Xmx/-Xms)
#   Decrease number of Java threads
#   Decrease Java thread stack sizes (-Xss)
#   Set larger code cache with -XX:ReservedCodeCacheSize=
# This output file may be truncated or incomplete.
#
#  Out of Memory Error (allocation.cpp:323), pid=8804, tid=10540
#
# JRE version: Java(TM) SE Runtime Environment (7.0_45-b18) (build 1.7.0_45-b18)
# Java VM: Java HotSpot(TM) 64-Bit Server VM (24.45-b08 mixed mode windows-amd64 compressed oops)
# Failed to write core dump. Minidumps are not enabled by default on client versions of Windows
#

---------------  T H R E A D  ---------------

Current thread (0x00000000089d5800):  JavaThread "C2 CompilerThread0" daemon [_thread_in_native, id=10540, stack(0x000000000a060000,0x000000000a160000)]

Stack: [0x000000000a060000,0x000000000a160000]

Current CompileTask:
C2:  22158  585   !         com.mysql.jdbc.MysqlIO::sendConnectionAttributes (151 bytes)


---------------  P R O C E S S  ---------------

Java Threads: ( => current thread )
  0x000000000aa1d000 JavaThread "Abandoned connection cleanup thread" daemon [_thread_blocked, id=8160, stack(0x000000000b1b0000,0x000000000b2b0000)]
  0x000000000a162800 JavaThread "Service Thread" daemon [_thread_blocked, id=10224, stack(0x000000000a6a0000,0x000000000a7a0000)]
  0x00000000089df000 JavaThread "C2 CompilerThread1" daemon [_thread_blocked, id=8728, stack(0x0000000009bd0000,0x0000000009cd0000)]
=>0x00000000089d5800 JavaThread "C2 CompilerThread0" daemon [_thread_in_native, id=10540, stack(0x000000000a060000,0x000000000a160000)]
  0x00000000089d4800 JavaThread "Attach Listener" daemon [_thread_blocked, id=4964, stack(0x0000000009e10000,0x0000000009f10000)]
  0x0000000008981000 JavaThread "Signal Dispatcher" daemon [_thread_blocked, id=3684, stack(0x0000000009cf0000,0x0000000009df0000)]
  0x000000000896a000 JavaThread "Finalizer" daemon [_thread_blocked, id=8820, stack(0x0000000009a80000,0x0000000009b80000)]
  0x0000000008961000 JavaThread "Reference Handler" daemon [_thread_blocked, id=8288, stack(0x0000000009880000,0x0000000009980000)]
  0x000000000253f000 JavaThread "main" [_thread_in_native, id=5892, stack(0x0000000002810000,0x0000000002910000)]

Other Threads:
  0x000000000895b000 VMThread [stack: 0x0000000009730000,0x0000000009830000] [id=10508]
  0x000000000a1ba800 WatcherThread [stack: 0x000000000a800000,0x000000000a900000] [id=8848]

VM state:not at safepoint (normal execution)

VM Mutex/Monitor currently owned by a thread: None

Heap
 PSYoungGen      total 78848K, used 55389K [0x00000000eb300000, 0x00000000f1400000, 0x0000000100000000)
  eden space 61952K, 89% used [0x00000000eb300000,0x00000000ee9176d8,0x00000000eef80000)
  from space 16896K, 0% used [0x00000000eef80000,0x00000000eef80000,0x00000000f0000000)
  to   space 13312K, 0% used [0x00000000f0000000,0x00000000f0000000,0x00000000f0d00000)
 ParOldGen       total 42496K, used 31173K [0x00000000c1a00000, 0x00000000c4380000, 0x00000000eb300000)
  object space 42496K, 73% used [0x00000000c1a00000,0x00000000c3871618,0x00000000c4380000)
 PSPermGen       total 36352K, used 18165K [0x00000000bc800000, 0x00000000beb80000, 0x00000000c1a00000)
  object space 36352K, 49% used [0x00000000bc800000,0x00000000bd9bd698,0x00000000beb80000)

Card table byte_map: [0x0000000005910000,0x0000000005b30000] byte_map_base: 0x000000000532c000

Polling page: 0x0000000000460000

Code Cache  [0x0000000002910000, 0x0000000002b80000, 0x0000000005910000)
 total_blobs=963 nmethods=575 adapters=340 free_code_cache=47375Kb largest_free_block=48474560

Compilation events (10 events):
Event: 20.880 Thread 0x00000000089df000 nmethod 580 0x0000000002ac8ad0 code [0x0000000002ac8c20, 0x0000000002ac8d58]
Event: 20.881 Thread 0x00000000089df000  581   !         com.mysql.jdbc.ConnectionImpl::getCatalog (19 bytes)
Event: 20.883 Thread 0x00000000089df000 nmethod 581 0x0000000002ac8690 code [0x0000000002ac87c0, 0x0000000002ac89f8]
Event: 20.883 Thread 0x00000000089df000  582             com.mysql.jdbc.ConnectionPropertiesImpl::getMaxAllowedPacket (8 bytes)
Event: 20.884 Thread 0x00000000089df000 nmethod 582 0x0000000002ac83d0 code [0x0000000002ac8520, 0x0000000002ac85b8]
Event: 20.885 Thread 0x00000000089df000  583   !         com.mysql.jdbc.PreparedStatement::fillSendPacket (323 bytes)
Event: 20.887 Thread 0x00000000089d5800 nmethod 577 0x0000000002ac9c10 code [0x0000000002ac9e00, 0x0000000002aca480]
Event: 20.887 Thread 0x00000000089d5800  584   !         sun.net.spi.DefaultProxySelector$2::run (637 bytes)
Event: 20.917 Thread 0x00000000089d5800 nmethod 584 0x0000000002acf850 code [0x0000000002acfa80, 0x0000000002ad0910]
Event: 20.921 Thread 0x00000000089d5800  585   !         com.mysql.jdbc.MysqlIO::sendConnectionAttributes (151 bytes)

GC Heap History (10 events):
Event: 6.788 GC heap before
{Heap before GC invocations=5 (full 0):
 PSYoungGen      total 35328K, used 35310K [0x00000000eb300000, 0x00000000ed800000, 0x0000000100000000)
  eden space 32768K, 100% used [0x00000000eb300000,0x00000000ed300000,0x00000000ed300000)
  from space 2560K, 99% used [0x00000000ed580000,0x00000000ed7fb988,0x00000000ed800000)
  to   space 2560K, 0% used [0x00000000ed300000,0x00000000ed300000,0x00000000ed580000)
 ParOldGen       total 42496K, used 8479K [0x00000000c1a00000, 0x00000000c4380000, 0x00000000eb300000)
  object space 42496K, 19% used [0x00000000c1a00000,0x00000000c2247d50,0x00000000c4380000)
 PSPermGen       total 21504K, used 17951K [0x00000000bc800000, 0x00000000bdd00000, 0x00000000c1a00000)
  object space 21504K, 83% used [0x00000000bc800000,0x00000000bd987df0,0x00000000bdd00000)
Event: 6.819 GC heap after
Heap after GC invocations=5 (full 0):
 PSYoungGen      total 35328K, used 2558K [0x00000000eb300000, 0x00000000f0d00000, 0x0000000100000000)
  eden space 32768K, 0% used [0x00000000eb300000,0x00000000eb300000,0x00000000ed300000)
  from space 2560K, 99% used [0x00000000ed300000,0x00000000ed57fbb8,0x00000000ed580000)
  to   space 13312K, 0% used [0x00000000f0000000,0x00000000f0000000,0x00000000f0d00000)
 ParOldGen       total 42496K, used 21022K [0x00000000c1a00000, 0x00000000c4380000, 0x00000000eb300000)
  object space 42496K, 49% used [0x00000000c1a00000,0x00000000c2e87970,0x00000000c4380000)
 PSPermGen       total 21504K, used 17951K [0x00000000bc800000, 0x00000000bdd00000, 0x00000000c1a00000)
  object space 21504K, 83% used [0x00000000bc800000,0x00000000bd987df0,0x00000000bdd00000)
}
Event: 9.170 GC heap before
{Heap before GC invocations=6 (full 0):
 PSYoungGen      total 35328K, used 35326K [0x00000000eb300000, 0x00000000f0d00000, 0x0000000100000000)
  eden space 32768K, 100% used [0x00000000eb300000,0x00000000ed300000,0x00000000ed300000)
  from space 2560K, 99% used [0x00000000ed300000,0x00000000ed57fbb8,0x00000000ed580000)
  to   space 13312K, 0% used [0x00000000f0000000,0x00000000f0000000,0x00000000f0d00000)
 ParOldGen       total 42496K, used 21022K [0x00000000c1a00000, 0x00000000c4380000, 0x00000000eb300000)
  object space 42496K, 49% used [0x00000000c1a00000,0x00000000c2e87970,0x00000000c4380000)
 PSPermGen       total 21504K, used 18035K [0x00000000bc800000, 0x00000000bdd00000, 0x00000000c1a00000)
  object space 21504K, 83% used [0x00000000bc800000,0x00000000bd99cc00,0x00000000bdd00000)
Event: 9.205 GC heap after
Heap after GC invocations=6 (full 0):
 PSYoungGen      total 75264K, used 13281K [0x00000000eb300000, 0x00000000f1400000, 0x0000000100000000)
  eden space 61952K, 0% used [0x00000000eb300000,0x00000000eb300000,0x00000000eef80000)
  from space 13312K, 99% used [0x00000000f0000000,0x00000000f0cf86f8,0x00000000f0d00000)
  to   space 16896K, 0% used [0x00000000eef80000,0x00000000eef80000,0x00000000f0000000)
 ParOldGen       total 42496K, used 22182K [0x00000000c1a00000, 0x00000000c4380000, 0x00000000eb300000)
  object space 42496K, 52% used [0x00000000c1a00000,0x00000000c2fa9970,0x00000000c4380000)
 PSPermGen       total 21504K, used 18035K [0x00000000bc800000, 0x00000000bdd00000, 0x00000000c1a00000)
  object space 21504K, 83% used [0x00000000bc800000,0x00000000bd99cc00,0x00000000bdd00000)
}
Event: 13.619 GC heap before
{Heap before GC invocations=7 (full 0):
 PSYoungGen      total 75264K, used 75233K [0x00000000eb300000, 0x00000000f1400000, 0x0000000100000000)
  eden space 61952K, 100% used [0x00000000eb300000,0x00000000eef80000,0x00000000eef80000)
  from space 13312K, 99% used [0x00000000f0000000,0x00000000f0cf86f8,0x00000000f0d00000)
  to   space 16896K, 0% used [0x00000000eef80000,0x00000000eef80000,0x00000000f0000000)
 ParOldGen       total 42496K, used 22182K [0x00000000c1a00000, 0x00000000c4380000, 0x00000000eb300000)
  object space 42496K, 52% used [0x00000000c1a00000,0x00000000c2fa9970,0x00000000c4380000)
 PSPermGen       total 21504K, used 18134K [0x00000000bc800000, 0x00000000bdd00000, 0x00000000c1a00000)
  object space 21504K, 84% used [0x00000000bc800000,0x00000000bd9b5b00,0x00000000bdd00000)
Event: 13.703 GC heap after
Heap after GC invocations=7 (full 0):
 PSYoungGen      total 78848K, used 16886K [0x00000000eb300000, 0x00000000f1400000, 0x0000000100000000)
  eden space 61952K, 0% used [0x00000000eb300000,0x00000000eb300000,0x00000000eef80000)
  from space 16896K, 99% used [0x00000000eef80000,0x00000000efffdb40,0x00000000f0000000)
  to   space 13312K, 0% used [0x00000000f0000000,0x00000000f0000000,0x00000000f0d00000)
 ParOldGen       total 42496K, used 33129K [0x00000000c1a00000, 0x00000000c4380000, 0x00000000eb300000)
  object space 42496K, 77% used [0x00000000c1a00000,0x00000000c3a5a680,0x00000000c4380000)
 PSPermGen       total 21504K, used 18134K [0x00000000bc800000, 0x00000000bdd00000, 0x00000000c1a00000)
  object space 21504K, 84% used [0x00000000bc800000,0x00000000bd9b5b00,0x00000000bdd00000)
}
Event: 13.703 GC heap before
{Heap before GC invocations=8 (full 1):
 PSYoungGen      total 78848K, used 16886K [0x00000000eb300000, 0x00000000f1400000, 0x0000000100000000)
  eden space 61952K, 0% used [0x00000000eb300000,0x00000000eb300000,0x00000000eef80000)
  from space 16896K, 99% used [0x00000000eef80000,0x00000000efffdb40,0x00000000f0000000)
  to   space 13312K, 0% used [0x00000000f0000000,0x00000000f0000000,0x00000000f0d00000)
 ParOldGen       total 42496K, used 33129K [0x00000000c1a00000, 0x00000000c4380000, 0x00000000eb300000)
  object space 42496K, 77% used [0x00000000c1a00000,0x00000000c3a5a680,0x00000000c4380000)
 PSPermGen       total 21504K, used 18134K [0x00000000bc800000, 0x00000000bdd00000, 0x00000000c1a00000)
  object space 21504K, 84% used [0x00000000bc800000,0x00000000bd9b5b00,0x00000000bdd00000)
Event: 14.021 GC heap after
Heap after GC invocations=8 (full 1):
 PSYoungGen      total 78848K, used 0K [0x00000000eb300000, 0x00000000f1400000, 0x0000000100000000)
  eden space 61952K, 0% used [0x00000000eb300000,0x00000000eb300000,0x00000000eef80000)
  from space 16896K, 0% used [0x00000000eef80000,0x00000000eef80000,0x00000000f0000000)
  to   space 13312K, 0% used [0x00000000f0000000,0x00000000f0000000,0x00000000f0d00000)
 ParOldGen       total 42496K, used 38841K [0x00000000c1a00000, 0x00000000c4380000, 0x00000000eb300000)
  object space 42496K, 91% used [0x00000000c1a00000,0x00000000c3fee578,0x00000000c4380000)
 PSPermGen       total 36352K, used 18070K [0x00000000bc800000, 0x00000000beb80000, 0x00000000c1a00000)
  object space 36352K, 49% used [0x00000000bc800000,0x00000000bd9a5a10,0x00000000beb80000)
}
Event: 18.214 GC heap before
{Heap before GC invocations=9 (full 2):
 PSYoungGen      total 78848K, used 61952K [0x00000000eb300000, 0x00000000f1400000, 0x0000000100000000)
  eden space 61952K, 100% used [0x00000000eb300000,0x00000000eef80000,0x00000000eef80000)
  from space 16896K, 0% used [0x00000000eef80000,0x00000000eef80000,0x00000000f0000000)
  to   space 13312K, 0% used [0x00000000f0000000,0x00000000f0000000,0x00000000f0d00000)
 ParOldGen       total 42496K, used 38841K [0x00000000c1a00000, 0x00000000c4380000, 0x00000000eb300000)
  object space 42496K, 91% used [0x00000000c1a00000,0x00000000c3fee578,0x00000000c4380000)
 PSPermGen       total 36352K, used 18114K [0x00000000bc800000, 0x00000000beb80000, 0x00000000c1a00000)
  object space 36352K, 49% used [0x00000000bc800000,0x00000000bd9b0858,0x00000000beb80000)
Event: 18.519 GC heap after
Heap after GC invocations=9 (full 2):
 PSYoungGen      total 78848K, used 0K [0x00000000eb300000, 0x00000000f1400000, 0x0000000100000000)
  eden space 61952K, 0% used [0x00000000eb300000,0x00000000eb300000,0x00000000eef80000)
  from space 16896K, 0% used [0x00000000eef80000,0x00000000eef80000,0x00000000f0000000)
  to   space 13312K, 0% used [0x00000000f0000000,0x00000000f0000000,0x00000000f0d00000)
 ParOldGen       total 42496K, used 31173K [0x00000000c1a00000, 0x00000000c4380000, 0x00000000eb300000)
  object space 42496K, 73% used [0x00000000c1a00000,0x00000000c3871618,0x00000000c4380000)
 PSPermGen       total 36352K, used 18109K [0x00000000bc800000, 0x00000000beb80000, 0x00000000c1a00000)
  object space 36352K, 49% used [0x00000000bc800000,0x00000000bd9af7c0,0x00000000beb80000)
}

Deoptimization events (10 events):
Event: 2.973 Thread 0x000000000253f000 Uncommon trap: reason=bimorphic action=maybe_recompile pc=0x00000000029b07f8 method=java.util.HashMap.put(Ljava/lang/Object;Ljava/lang/Object;)Ljava/lang/Object; @ 83
Event: 3.185 Thread 0x000000000253f000 Uncommon trap: reason=bimorphic action=maybe_recompile pc=0x00000000029d9ca0 method=java.util.HashMap.addEntry(ILjava/lang/Object;Ljava/lang/Object;I)V @ 65
Event: 3.773 Thread 0x000000000253f000 Uncommon trap: reason=bimorphic action=maybe_recompile pc=0x00000000029b07f8 method=java.util.HashMap.put(Ljava/lang/Object;Ljava/lang/Object;)Ljava/lang/Object; @ 83
Event: 3.788 Thread 0x000000000253f000 Uncommon trap: reason=unreached action=reinterpret pc=0x00000000029b86b0 method=java.util.HashMap.get(Ljava/lang/Object;)Ljava/lang/Object; @ 1
Event: 4.010 Thread 0x000000000253f000 Uncommon trap: reason=bimorphic action=maybe_recompile pc=0x00000000029b07f8 method=java.util.HashMap.put(Ljava/lang/Object;Ljava/lang/Object;)Ljava/lang/Object; @ 83
Event: 5.719 Thread 0x000000000253f000 Uncommon trap: reason=unreached action=reinterpret pc=0x0000000002a103f4 method=java.lang.ThreadLocal$ThreadLocalMap.getEntry(Ljava/lang/ThreadLocal;)Ljava/lang/ThreadLocal$ThreadLocalMap$Entry; @ 29
Event: 5.945 Thread 0x000000000253f000 Uncommon trap: reason=null_check action=make_not_entrant pc=0x0000000002a21838 method=com.mysql.jdbc.SingleByteCharsetConverter.getInstance(Ljava/lang/String;Lcom/mysql/jdbc/Connection;)Lcom/mysql/jdbc/SingleByteCharsetConverter; @ 9
Event: 7.526 Thread 0x000000000253f000 Uncommon trap: reason=range_check action=make_not_entrant pc=0x0000000002a414e8 method=java.text.SimpleDateFormat.format(Ljava/util/Date;Ljava/lang/StringBuffer;Ljava/text/Format$FieldDelegate;)Ljava/lang/StringBuffer; @ 48
Event: 14.032 Thread 0x000000000253f000 Uncommon trap: reason=bimorphic action=maybe_recompile pc=0x00000000029b07f8 method=java.util.HashMap.put(Ljava/lang/Object;Ljava/lang/Object;)Ljava/lang/Object; @ 83
Event: 19.820 Thread 0x000000000253f000 Uncommon trap: reason=null_check action=make_not_entrant pc=0x0000000002ac7120 method=java.text.SimpleDateFormat.checkNegativeNumberExpression()V @ 40

Internal exceptions (10 events):
Event: 3.794 Thread 0x000000000253f000 Threw 0x00000000ec11c960 at C:\re\jdk7u45\229\hotspot\src\share\vm\prims\jvm.cpp:1244
Event: 3.795 Thread 0x000000000253f000 Threw 0x00000000ec122240 at C:\re\jdk7u45\229\hotspot\src\share\vm\prims\jvm.cpp:1244
Event: 3.797 Thread 0x000000000253f000 Threw 0x00000000ec126dd0 at C:\re\jdk7u45\229\hotspot\src\share\vm\prims\jvm.cpp:1244
Event: 3.804 Thread 0x000000000253f000 Threw 0x00000000ec12b880 at C:\re\jdk7u45\229\hotspot\src\share\vm\prims\jvm.cpp:1244
Event: 3.804 Thread 0x000000000253f000 Threw 0x00000000ec1304a8 at C:\re\jdk7u45\229\hotspot\src\share\vm\prims\jvm.cpp:1244
Event: 3.806 Thread 0x000000000253f000 Threw 0x00000000ec13ca38 at C:\re\jdk7u45\229\hotspot\src\share\vm\prims\jvm.cpp:1244
Event: 3.810 Thread 0x000000000253f000 Threw 0x00000000ec142230 at C:\re\jdk7u45\229\hotspot\src\share\vm\prims\jvm.cpp:1244
Event: 3.811 Thread 0x000000000253f000 Threw 0x00000000ec147550 at C:\re\jdk7u45\229\hotspot\src\share\vm\prims\jvm.cpp:1244
Event: 5.945 Thread 0x000000000253f000 Implicit null exception at 0x0000000002a212a7 to 0x0000000002a2181d
Event: 19.820 Thread 0x000000000253f000 Implicit null exception at 0x0000000002ac6a64 to 0x0000000002ac7109

Events (10 events):
Event: 14.032 Thread 0x000000000253f000 Uncommon trap: trap_request=0xffffffc6 fr.pc=0x00000000029b07f8
Event: 14.032 Thread 0x000000000253f000 DEOPT PACKING pc=0x00000000029b07f8 sp=0x000000000290e630
Event: 14.032 Thread 0x000000000253f000 DEOPT UNPACKING pc=0x00000000029475a4 sp=0x000000000290e5c8 mode 2
Event: 16.661 loading class 0x00000000023f39e0
Event: 16.661 loading class 0x00000000023f39e0 done
Event: 18.214 Executing VM operation: ParallelGCFailedAllocation
Event: 18.519 Executing VM operation: ParallelGCFailedAllocation done
Event: 19.820 Thread 0x000000000253f000 Uncommon trap: trap_request=0xfffffff4 fr.pc=0x0000000002ac7120
Event: 19.820 Thread 0x000000000253f000 DEOPT PACKING pc=0x0000000002ac7120 sp=0x000000000290f010
Event: 19.820 Thread 0x000000000253f000 DEOPT UNPACKING pc=0x00000000029475a4 sp=0x000000000290ef40 mode 2


Dynamic libraries:
0x000000013f960000 - 0x000000013f993000 	C:\code\myeclipse\binary\com.sun.java.jdk7.win32.x86_64_1.7.0.u45\bin\javaw.exe
0x00000000774a0000 - 0x0000000077649000 	C:\windows\SYSTEM32\ntdll.dll
0x0000000077380000 - 0x000000007749f000 	C:\windows\system32\kernel32.dll
0x000007fefd140000 - 0x000007fefd1ab000 	C:\windows\system32\KERNELBASE.dll
0x000007fefd7e0000 - 0x000007fefd8bb000 	C:\windows\system32\ADVAPI32.dll
0x000007fefe020000 - 0x000007fefe0bf000 	C:\windows\system32\msvcrt.dll
0x000007fefe610000 - 0x000007fefe62f000 	C:\windows\SYSTEM32\sechost.dll
0x000007fefe310000 - 0x000007fefe43d000 	C:\windows\system32\RPCRT4.dll
0x0000000077280000 - 0x000000007737a000 	C:\windows\system32\USER32.dll
0x000007fefe440000 - 0x000007fefe4a7000 	C:\windows\system32\GDI32.dll
0x000007fefea10000 - 0x000007fefea1e000 	C:\windows\system32\LPK.dll
0x000007fefded0000 - 0x000007fefdf99000 	C:\windows\system32\USP10.dll
0x000007fefbc40000 - 0x000007fefbe34000 	C:\windows\WinSxS\amd64_microsoft.windows.common-controls_6595b64144ccf1df_6.0.7601.17514_none_fa396087175ac9ac\COMCTL32.dll
0x000007fefde50000 - 0x000007fefdec1000 	C:\windows\system32\SHLWAPI.dll
0x000007fefe220000 - 0x000007fefe24e000 	C:\windows\system32\IMM32.DLL
0x000007fefe900000 - 0x000007fefea09000 	C:\windows\system32\MSCTF.dll
0x0000000060b60000 - 0x0000000060c32000 	C:\code\myeclipse\binary\com.sun.java.jdk7.win32.x86_64_1.7.0.u45\jre\bin\msvcr100.dll
0x0000000058540000 - 0x0000000058d09000 	C:\code\myeclipse\binary\com.sun.java.jdk7.win32.x86_64_1.7.0.u45\jre\bin\server\jvm.dll
0x000007fef4770000 - 0x000007fef4779000 	C:\windows\system32\WSOCK32.dll
0x000007fefe2b0000 - 0x000007fefe2fd000 	C:\windows\system32\WS2_32.dll
0x000007fefe300000 - 0x000007fefe308000 	C:\windows\system32\NSI.dll
0x000007fefd0e0000 - 0x000007fefd11b000 	C:\windows\system32\WINMM.dll
0x0000000077660000 - 0x0000000077667000 	C:\windows\system32\PSAPI.DLL
0x00000000740a0000 - 0x00000000740af000 	C:\code\myeclipse\binary\com.sun.java.jdk7.win32.x86_64_1.7.0.u45\jre\bin\verify.dll
0x0000000074070000 - 0x0000000074098000 	C:\code\myeclipse\binary\com.sun.java.jdk7.win32.x86_64_1.7.0.u45\jre\bin\java.dll
0x0000000074050000 - 0x0000000074065000 	C:\code\myeclipse\binary\com.sun.java.jdk7.win32.x86_64_1.7.0.u45\jre\bin\zip.dll
0x0000000074030000 - 0x0000000074049000 	C:\code\myeclipse\binary\com.sun.java.jdk7.win32.x86_64_1.7.0.u45\jre\bin\net.dll
0x000007fefc890000 - 0x000007fefc8e5000 	C:\windows\system32\mswsock.dll
0x000007fefc880000 - 0x000007fefc887000 	C:\windows\System32\wship6.dll
0x00000000616a0000 - 0x00000000616b1000 	C:\code\myeclipse\binary\com.sun.java.jdk7.win32.x86_64_1.7.0.u45\jre\bin\nio.dll
0x0000000074240000 - 0x000000007424b000 	C:\code\myeclipse\binary\com.sun.java.jdk7.win32.x86_64_1.7.0.u45\jre\bin\management.dll
0x000007fefae00000 - 0x000007fefae15000 	C:\windows\system32\NLAapi.dll
0x000007fefbea0000 - 0x000007fefbeb5000 	C:\windows\system32\napinsp.dll
0x000007fefbe40000 - 0x000007fefbe59000 	C:\windows\system32\pnrpnsp.dll
0x000007fefc710000 - 0x000007fefc76b000 	C:\windows\system32\DNSAPI.dll
0x000007fefb530000 - 0x000007fefb53b000 	C:\windows\System32\winrnr.dll
0x000007fef97e0000 - 0x000007fef980f000 	C:\Program Files\Common Files\Microsoft Shared\Windows Live\WLIDNSP.DLL
0x000007fefb520000 - 0x000007fefb530000 	C:\windows\system32\wshbth.dll
0x00000000702d0000 - 0x00000000702f6000 	C:\Program Files\Bonjour\mdnsNSP.dll
0x000007fefa970000 - 0x000007fefa997000 	C:\windows\system32\Iphlpapi.DLL
0x000007fefa960000 - 0x000007fefa96b000 	C:\windows\system32\WINNSI.DLL
0x000007fefc200000 - 0x000007fefc207000 	C:\windows\System32\wshtcpip.dll
0x000007fef97d0000 - 0x000007fef97d8000 	C:\windows\system32\rasadhlp.dll
0x000007fefa560000 - 0x000007fefa5b3000 	C:\windows\System32\fwpuclnt.dll

VM Arguments:
jvm_args: -Dfile.encoding=GBK 
java_command: com.btcrobot.ma.MaTools
Launcher Type: SUN_STANDARD

Environment Variables:
JAVA_HOME=C:\java2\jdk
CLASSPATH=.;C:\java2\jdk\bin;C:\java2\jdk\lib\dt.jar;C:\java2\jdk\lib\tools.jar;
PATH=C:\Program Files (x86)\Common Files\Microsoft Shared\Windows Live;C:\Program Files (x86)\Common Files\Microsoft Shared\Windows Live;C:\Program Files\Common Files\Microsoft Shared\Windows Live;C:\Program Files (x86)\Common Files\Microsoft Shared\Windows Live;C:\windows\system32;C:\windows;C:\windows\System32\Wbem;C:\windows\System32\WindowsPowerShell\v1.0\;C:\Program Files\Intel\WiFi\bin\;C:\Program Files\Common Files\Intel\WirelessCommon\;C:\Program Files (x86)\Intel\Services\IPT\;C:\Program Files\Diskeeper Corporation\ExpressCache\;C:\Program Files (x86)\Windows Live\Shared;C:\java2\jdk\bin;C:\Program Files (x86)\SSH Communications Security\SSH Secure Shell;C:\java2\jdk\bin;C:\java2\jdk\bin\javaw.exe
USERNAME=zjhjzl
OS=Windows_NT
PROCESSOR_IDENTIFIER=Intel64 Family 6 Model 42 Stepping 7, GenuineIntel



---------------  S Y S T E M  ---------------

OS: Windows 7 , 64 bit Build 7601 Service Pack 1

CPU:total 4 (2 cores per cpu, 2 threads per core) family 6 model 42 stepping 7, cmov, cx8, fxsr, mmx, sse, sse2, sse3, ssse3, sse4.1, sse4.2, popcnt, avx, aes, ht, tsc, tscinvbit

Memory: 4k page, physical 4086000k(938768k free), swap 16342136k(3168k free)

vm_info: Java HotSpot(TM) 64-Bit Server VM (24.45-b08) for windows-amd64 JRE (1.7.0_45-b18), built on Oct  8 2013 05:47:22 by "java_re" with unknown MS VC++:1600

time: Sun Mar 02 17:13:05 2014
elapsed time: 22 seconds

